<?xml version="1.0" encoding="UTF-8"?>
<testng-results ignored="0" total="1" passed="1" failed="0" skipped="0">
  <reporter-output>
  </reporter-output>
  <suite started-at="2023-04-03T08:26:38 ICT" name="inetBankingV1" finished-at="2023-04-03T08:26:50 ICT" duration-ms="12083">
    <groups>
    </groups>
    <test started-at="2023-04-03T08:26:38 ICT" name="inetBankingV1" finished-at="2023-04-03T08:26:50 ICT" duration-ms="12083">
      <class name="com.inetbanking.testCases.TC_LoginTest_001">
        <test-method is-config="true" signature="setup(java.lang.String)[pri:0, instance:com.inetbanking.testCases.TC_LoginTest_001@78383390]" started-at="2023-04-03T08:26:39 ICT" name="setup" finished-at="2023-04-03T08:26:46 ICT" duration-ms="7155" status="PASS">
          <params>
            <param index="0">
              <value>
                <![CDATA[chrome]]>
              </value>
            </param>
          </params>
          <reporter-output>
          </reporter-output>
        </test-method> <!-- setup -->
        <test-method signature="loginTest()[pri:0, instance:com.inetbanking.testCases.TC_LoginTest_001@78383390]" started-at="2023-04-03T08:26:46 ICT" name="loginTest" finished-at="2023-04-03T08:26:50 ICT" duration-ms="4296" status="PASS">
          <reporter-output>
          </reporter-output>
        </test-method> <!-- loginTest -->
        <test-method is-config="true" signature="tearDown()[pri:0, instance:com.inetbanking.testCases.TC_LoginTest_001@78383390]" started-at="2023-04-03T08:26:50 ICT" name="tearDown" finished-at="2023-04-03T08:26:50 ICT" duration-ms="307" status="PASS">
          <reporter-output>
          </reporter-output>
        </test-method> <!-- tearDown -->
      </class> <!-- com.inetbanking.testCases.TC_LoginTest_001 -->
    </test> <!-- inetBankingV1 -->
  </suite> <!-- inetBankingV1 -->
</testng-results>
